<?xml version="1.0" encoding="UTF-8"?>
<!-- Generated by org.testng.reporters.JUnitXMLReporter -->
<testsuite ignored="3" hostname="MKOKANE10A" failures="0" tests="5" name="Default test" time="81.327" errors="0" timestamp="2024-08-15T13:21:58 IST">
  <testcase classname="com.prjct.qa.testcases.HomepageTest" name="clickVerifyFavoritesPageLable" time="8.849"/>
  <testcase classname="com.prjct.qa.testcases.HomepageTest" name="verifyInboundPageLable" time="10.021"/>
  <testcase classname="com.prjct.qa.testcases.HomepageTest" name="verifyOutboundPageLable" time="15.359"/>
  <testcase classname="com.prjct.qa.testcases.HomepageTest" name="verifyUsersandGroupsPageLable" time="16.782"/>
  <testcase classname="com.prjct.qa.testcases.HomepageTest" name="verifytitlepageTest" time="0.007"/>
  <testcase classname="com.prjct.qa.testcases.HomepageTest" name="verifyInventoryMaintainancePageLable" time="0.0">
    <ignored/>
  </testcase> <!-- verifyInventoryMaintainancePageLable -->
  <testcase classname="com.prjct.qa.testcases.HomepageTest" name="verifySelfserviceReportingPageLable" time="0.0">
    <ignored/>
  </testcase> <!-- verifySelfserviceReportingPageLable -->
  <testcase classname="com.prjct.qa.testcases.HomepageTest" name="verifyUtilitiesPageLable" time="0.0">
    <ignored/>
  </testcase> <!-- verifyUtilitiesPageLable -->
</testsuite> <!-- Default test -->
