<?xml version="1.0" encoding="UTF-8"?>
<testng-results ignored="0" total="10" passed="10" failed="0" skipped="0">
  <reporter-output>
  </reporter-output>
  <suite started-at="2024-08-15T13:29:08 IST" name="Suite" finished-at="2024-08-15T13:31:14 IST" duration-ms="126103">
    <groups>
    </groups>
    <test started-at="2024-08-15T13:29:08 IST" name="Test" finished-at="2024-08-15T13:31:14 IST" duration-ms="126103">
      <class name="com.prjct.qa.testcases.LoginpageTest">
        <test-method is-config="true" signature="setup()[pri:0, instance:com.prjct.qa.testcases.LoginpageTest@31304f14]" started-at="2024-08-15T13:29:08 IST" name="setup" finished-at="2024-08-15T13:29:12 IST" duration-ms="4017" status="PASS">
          <reporter-output>
          </reporter-output>
        </test-method> <!-- setup -->
        <test-method signature="loginTest()[pri:0, instance:com.prjct.qa.testcases.LoginpageTest@31304f14]" started-at="2024-08-15T13:29:12 IST" name="loginTest" finished-at="2024-08-15T13:29:12 IST" duration-ms="296" status="PASS">
          <reporter-output>
          </reporter-output>
        </test-method> <!-- loginTest -->
        <test-method is-config="true" signature="teardown()[pri:0, instance:com.prjct.qa.testcases.LoginpageTest@31304f14]" started-at="2024-08-15T13:29:12 IST" name="teardown" finished-at="2024-08-15T13:29:13 IST" duration-ms="164" status="PASS">
          <reporter-output>
          </reporter-output>
        </test-method> <!-- teardown -->
        <test-method is-config="true" signature="setup()[pri:0, instance:com.prjct.qa.testcases.LoginpageTest@31304f14]" started-at="2024-08-15T13:29:13 IST" name="setup" finished-at="2024-08-15T13:29:16 IST" duration-ms="3576" status="PASS">
          <reporter-output>
          </reporter-output>
        </test-method> <!-- setup -->
        <test-method signature="loginpagetitletest()[pri:0, instance:com.prjct.qa.testcases.LoginpageTest@31304f14]" started-at="2024-08-15T13:29:16 IST" name="loginpagetitletest" finished-at="2024-08-15T13:29:16 IST" duration-ms="9" status="PASS">
          <reporter-output>
          </reporter-output>
        </test-method> <!-- loginpagetitletest -->
        <test-method is-config="true" signature="teardown()[pri:0, instance:com.prjct.qa.testcases.LoginpageTest@31304f14]" started-at="2024-08-15T13:29:16 IST" name="teardown" finished-at="2024-08-15T13:29:16 IST" duration-ms="138" status="PASS">
          <reporter-output>
          </reporter-output>
        </test-method> <!-- teardown -->
      </class> <!-- com.prjct.qa.testcases.LoginpageTest -->
      <class name="com.prjct.qa.testcases.HomepageTest">
        <test-method is-config="true" signature="setup()[pri:0, instance:com.prjct.qa.testcases.HomepageTest@36ebc363]" started-at="2024-08-15T13:29:16 IST" name="setup" finished-at="2024-08-15T13:29:21 IST" duration-ms="4353" status="PASS">
          <reporter-output>
          </reporter-output>
        </test-method> <!-- setup -->
        <test-method signature="clickVerifyFavoritesPageLable()[pri:0, instance:com.prjct.qa.testcases.HomepageTest@36ebc363]" started-at="2024-08-15T13:29:21 IST" name="clickVerifyFavoritesPageLable" finished-at="2024-08-15T13:29:35 IST" duration-ms="14047" status="PASS">
          <reporter-output>
          </reporter-output>
        </test-method> <!-- clickVerifyFavoritesPageLable -->
        <test-method is-config="true" signature="teardown()[pri:0, instance:com.prjct.qa.testcases.HomepageTest@36ebc363]" started-at="2024-08-15T13:29:35 IST" name="teardown" finished-at="2024-08-15T13:29:35 IST" duration-ms="110" status="PASS">
          <reporter-output>
          </reporter-output>
        </test-method> <!-- teardown -->
        <test-method is-config="true" signature="setup()[pri:0, instance:com.prjct.qa.testcases.HomepageTest@36ebc363]" started-at="2024-08-15T13:29:35 IST" name="setup" finished-at="2024-08-15T13:29:39 IST" duration-ms="4612" status="PASS">
          <reporter-output>
          </reporter-output>
        </test-method> <!-- setup -->
        <test-method signature="verifyInboundPageLable()[pri:0, instance:com.prjct.qa.testcases.HomepageTest@36ebc363]" started-at="2024-08-15T13:29:39 IST" name="verifyInboundPageLable" finished-at="2024-08-15T13:29:49 IST" duration-ms="9711" status="PASS">
          <reporter-output>
          </reporter-output>
        </test-method> <!-- verifyInboundPageLable -->
        <test-method is-config="true" signature="teardown()[pri:0, instance:com.prjct.qa.testcases.HomepageTest@36ebc363]" started-at="2024-08-15T13:29:49 IST" name="teardown" finished-at="2024-08-15T13:29:49 IST" duration-ms="109" status="PASS">
          <reporter-output>
          </reporter-output>
        </test-method> <!-- teardown -->
        <test-method is-config="true" signature="setup()[pri:0, instance:com.prjct.qa.testcases.HomepageTest@36ebc363]" started-at="2024-08-15T13:29:49 IST" name="setup" finished-at="2024-08-15T13:29:53 IST" duration-ms="4092" status="PASS">
          <reporter-output>
          </reporter-output>
        </test-method> <!-- setup -->
        <test-method signature="verifyInventoryMaintainancePageLable()[pri:0, instance:com.prjct.qa.testcases.HomepageTest@36ebc363]" started-at="2024-08-15T13:29:53 IST" name="verifyInventoryMaintainancePageLable" finished-at="2024-08-15T13:30:01 IST" duration-ms="8046" status="PASS">
          <reporter-output>
          </reporter-output>
        </test-method> <!-- verifyInventoryMaintainancePageLable -->
        <test-method is-config="true" signature="teardown()[pri:0, instance:com.prjct.qa.testcases.HomepageTest@36ebc363]" started-at="2024-08-15T13:30:01 IST" name="teardown" finished-at="2024-08-15T13:30:02 IST" duration-ms="110" status="PASS">
          <reporter-output>
          </reporter-output>
        </test-method> <!-- teardown -->
        <test-method is-config="true" signature="setup()[pri:0, instance:com.prjct.qa.testcases.HomepageTest@36ebc363]" started-at="2024-08-15T13:30:02 IST" name="setup" finished-at="2024-08-15T13:30:07 IST" duration-ms="5644" status="PASS">
          <reporter-output>
          </reporter-output>
        </test-method> <!-- setup -->
        <test-method signature="verifyOutboundPageLable()[pri:0, instance:com.prjct.qa.testcases.HomepageTest@36ebc363]" started-at="2024-08-15T13:30:07 IST" name="verifyOutboundPageLable" finished-at="2024-08-15T13:30:16 IST" duration-ms="8379" status="PASS">
          <reporter-output>
          </reporter-output>
        </test-method> <!-- verifyOutboundPageLable -->
        <test-method is-config="true" signature="teardown()[pri:0, instance:com.prjct.qa.testcases.HomepageTest@36ebc363]" started-at="2024-08-15T13:30:16 IST" name="teardown" finished-at="2024-08-15T13:30:16 IST" duration-ms="88" status="PASS">
          <reporter-output>
          </reporter-output>
        </test-method> <!-- teardown -->
        <test-method is-config="true" signature="setup()[pri:0, instance:com.prjct.qa.testcases.HomepageTest@36ebc363]" started-at="2024-08-15T13:30:16 IST" name="setup" finished-at="2024-08-15T13:30:22 IST" duration-ms="6586" status="PASS">
          <reporter-output>
          </reporter-output>
        </test-method> <!-- setup -->
        <test-method signature="verifySelfserviceReportingPageLable()[pri:0, instance:com.prjct.qa.testcases.HomepageTest@36ebc363]" started-at="2024-08-15T13:30:22 IST" name="verifySelfserviceReportingPageLable" finished-at="2024-08-15T13:30:36 IST" duration-ms="13479" status="PASS">
          <reporter-output>
          </reporter-output>
        </test-method> <!-- verifySelfserviceReportingPageLable -->
        <test-method is-config="true" signature="teardown()[pri:0, instance:com.prjct.qa.testcases.HomepageTest@36ebc363]" started-at="2024-08-15T13:30:36 IST" name="teardown" finished-at="2024-08-15T13:30:36 IST" duration-ms="135" status="PASS">
          <reporter-output>
          </reporter-output>
        </test-method> <!-- teardown -->
        <test-method is-config="true" signature="setup()[pri:0, instance:com.prjct.qa.testcases.HomepageTest@36ebc363]" started-at="2024-08-15T13:30:36 IST" name="setup" finished-at="2024-08-15T13:30:42 IST" duration-ms="5684" status="PASS">
          <reporter-output>
          </reporter-output>
        </test-method> <!-- setup -->
        <test-method signature="verifyUsersandGroupsPageLable()[pri:0, instance:com.prjct.qa.testcases.HomepageTest@36ebc363]" started-at="2024-08-15T13:30:42 IST" name="verifyUsersandGroupsPageLable" finished-at="2024-08-15T13:30:55 IST" duration-ms="13303" status="PASS">
          <reporter-output>
          </reporter-output>
        </test-method> <!-- verifyUsersandGroupsPageLable -->
        <test-method is-config="true" signature="teardown()[pri:0, instance:com.prjct.qa.testcases.HomepageTest@36ebc363]" started-at="2024-08-15T13:30:55 IST" name="teardown" finished-at="2024-08-15T13:30:55 IST" duration-ms="93" status="PASS">
          <reporter-output>
          </reporter-output>
        </test-method> <!-- teardown -->
        <test-method is-config="true" signature="setup()[pri:0, instance:com.prjct.qa.testcases.HomepageTest@36ebc363]" started-at="2024-08-15T13:30:55 IST" name="setup" finished-at="2024-08-15T13:30:59 IST" duration-ms="4170" status="PASS">
          <reporter-output>
          </reporter-output>
        </test-method> <!-- setup -->
        <test-method signature="verifyUtilitiesPageLable()[pri:0, instance:com.prjct.qa.testcases.HomepageTest@36ebc363]" started-at="2024-08-15T13:30:59 IST" name="verifyUtilitiesPageLable" finished-at="2024-08-15T13:31:10 IST" duration-ms="10465" status="PASS">
          <reporter-output>
          </reporter-output>
        </test-method> <!-- verifyUtilitiesPageLable -->
        <test-method is-config="true" signature="teardown()[pri:0, instance:com.prjct.qa.testcases.HomepageTest@36ebc363]" started-at="2024-08-15T13:31:10 IST" name="teardown" finished-at="2024-08-15T13:31:10 IST" duration-ms="89" status="PASS">
          <reporter-output>
          </reporter-output>
        </test-method> <!-- teardown -->
        <test-method is-config="true" signature="setup()[pri:0, instance:com.prjct.qa.testcases.HomepageTest@36ebc363]" started-at="2024-08-15T13:31:10 IST" name="setup" finished-at="2024-08-15T13:31:14 IST" duration-ms="4384" status="PASS">
          <reporter-output>
          </reporter-output>
        </test-method> <!-- setup -->
        <test-method signature="verifytitlepageTest()[pri:0, instance:com.prjct.qa.testcases.HomepageTest@36ebc363]" started-at="2024-08-15T13:31:14 IST" name="verifytitlepageTest" finished-at="2024-08-15T13:31:14 IST" duration-ms="39" status="PASS">
          <reporter-output>
          </reporter-output>
        </test-method> <!-- verifytitlepageTest -->
        <test-method is-config="true" signature="teardown()[pri:0, instance:com.prjct.qa.testcases.HomepageTest@36ebc363]" started-at="2024-08-15T13:31:14 IST" name="teardown" finished-at="2024-08-15T13:31:14 IST" duration-ms="109" status="PASS">
          <reporter-output>
          </reporter-output>
        </test-method> <!-- teardown -->
      </class> <!-- com.prjct.qa.testcases.HomepageTest -->
    </test> <!-- Test -->
  </suite> <!-- Suite -->
</testng-results>
